  A.Tran_Project2.cpp
C:\Users\Austin Tran\source\repos\A.Tran_Project2\A.Tran_Project2\DLL.h(14,27): warning C4099: 'Node': type name first seen using 'class' now seen using 'struct'
C:\Users\Austin Tran\source\repos\A.Tran_Project2\A.Tran_Project2\Node.h(2): message : see declaration of 'Node'
C:\Users\Austin Tran\source\repos\A.Tran_Project2\A.Tran_Project2\A.Tran_Project2.cpp(7,16): warning C4099: 'Node': type name first seen using 'class' now seen using 'struct'
C:\Users\Austin Tran\source\repos\A.Tran_Project2\A.Tran_Project2\Node.h(2): message : see declaration of 'Node'
C:\Users\Austin Tran\source\repos\A.Tran_Project2\A.Tran_Project2\A.Tran_Project2.cpp(41,26): warning C4099: 'Node': type name first seen using 'class' now seen using 'struct'
C:\Users\Austin Tran\source\repos\A.Tran_Project2\A.Tran_Project2\Node.h(2): message : see declaration of 'Node'
C:\Users\Austin Tran\source\repos\A.Tran_Project2\A.Tran_Project2\A.Tran_Project2.cpp(41,53): warning C4099: 'Node': type name first seen using 'class' now seen using 'struct'
C:\Users\Austin Tran\source\repos\A.Tran_Project2\A.Tran_Project2\Node.h(2): message : see declaration of 'Node'
C:\Users\Austin Tran\source\repos\A.Tran_Project2\A.Tran_Project2\A.Tran_Project2.cpp(78,26): warning C4099: 'Node': type name first seen using 'class' now seen using 'struct'
C:\Users\Austin Tran\source\repos\A.Tran_Project2\A.Tran_Project2\Node.h(2): message : see declaration of 'Node'
C:\Users\Austin Tran\source\repos\A.Tran_Project2\A.Tran_Project2\A.Tran_Project2.cpp(78,53): warning C4099: 'Node': type name first seen using 'class' now seen using 'struct'
C:\Users\Austin Tran\source\repos\A.Tran_Project2\A.Tran_Project2\Node.h(2): message : see declaration of 'Node'
  DLL.cpp
C:\Users\Austin Tran\source\repos\A.Tran_Project2\A.Tran_Project2\DLL.h(14,27): warning C4099: 'Node': type name first seen using 'class' now seen using 'struct'
C:\Users\Austin Tran\source\repos\A.Tran_Project2\A.Tran_Project2\Node.h(2): message : see declaration of 'Node'
C:\Users\Austin Tran\source\repos\A.Tran_Project2\A.Tran_Project2\DLL.cpp(69,31): warning C4099: 'Node': type name first seen using 'class' now seen using 'struct'
C:\Users\Austin Tran\source\repos\A.Tran_Project2\A.Tran_Project2\Node.h(2): message : see declaration of 'Node'
C:\Users\Austin Tran\source\repos\A.Tran_Project2\A.Tran_Project2\DLL.cpp(69,58): warning C4099: 'Node': type name first seen using 'class' now seen using 'struct'
C:\Users\Austin Tran\source\repos\A.Tran_Project2\A.Tran_Project2\Node.h(2): message : see declaration of 'Node'
C:\Users\Austin Tran\source\repos\A.Tran_Project2\A.Tran_Project2\DLL.cpp(87,31): warning C4099: 'Node': type name first seen using 'class' now seen using 'struct'
C:\Users\Austin Tran\source\repos\A.Tran_Project2\A.Tran_Project2\Node.h(2): message : see declaration of 'Node'
C:\Users\Austin Tran\source\repos\A.Tran_Project2\A.Tran_Project2\DLL.cpp(87,58): warning C4099: 'Node': type name first seen using 'class' now seen using 'struct'
C:\Users\Austin Tran\source\repos\A.Tran_Project2\A.Tran_Project2\Node.h(2): message : see declaration of 'Node'
C:\Users\Austin Tran\source\repos\A.Tran_Project2\A.Tran_Project2\DLL.cpp(94,26): warning C4099: 'Node': type name first seen using 'class' now seen using 'struct'
C:\Users\Austin Tran\source\repos\A.Tran_Project2\A.Tran_Project2\Node.h(2): message : see declaration of 'Node'
  Node.cpp
  Generating Code...
  A.Tran_Project2.vcxproj -> C:\Users\Austin Tran\source\repos\A.Tran_Project2\x64\Debug\A.Tran_Project2.exe
